{"total": {"lines":{"total":1410,"covered":29,"skipped":0,"pct":2.05},"statements":{"total":1415,"covered":29,"skipped":0,"pct":2.04},"functions":{"total":136,"covered":4,"skipped":0,"pct":2.94},"branches":{"total":977,"covered":12,"skipped":0,"pct":1.22},"branchesTrue":{"total":0,"covered":0,"skipped":0,"pct":100}}
,"/Users/jeremyparker/Desktop/Claude Coding Projects/make.com-fastmcp-server/src/lib/logger.ts": {"lines":{"total":43,"covered":0,"skipped":0,"pct":0},"functions":{"total":16,"covered":0,"skipped":0,"pct":0},"statements":{"total":43,"covered":0,"skipped":0,"pct":0},"branches":{"total":20,"covered":0,"skipped":0,"pct":0}}
,"/Users/jeremyparker/Desktop/Claude Coding Projects/make.com-fastmcp-server/src/tools/analytics.ts": {"lines":{"total":275,"covered":0,"skipped":0,"pct":0},"functions":{"total":39,"covered":0,"skipped":0,"pct":0},"statements":{"total":275,"covered":0,"skipped":0,"pct":0},"branches":{"total":200,"covered":0,"skipped":0,"pct":0}}
,"/Users/jeremyparker/Desktop/Claude Coding Projects/make.com-fastmcp-server/src/tools/billing.ts": {"lines":{"total":174,"covered":14,"skipped":0,"pct":8.04},"functions":{"total":23,"covered":2,"skipped":0,"pct":8.69},"statements":{"total":177,"covered":14,"skipped":0,"pct":7.9},"branches":{"total":161,"covered":6,"skipped":0,"pct":3.72}}
,"/Users/jeremyparker/Desktop/Claude Coding Projects/make.com-fastmcp-server/src/tools/connections.ts": {"lines":{"total":216,"covered":0,"skipped":0,"pct":0},"functions":{"total":11,"covered":0,"skipped":0,"pct":0},"statements":{"total":216,"covered":0,"skipped":0,"pct":0},"branches":{"total":148,"covered":0,"skipped":0,"pct":0}}
,"/Users/jeremyparker/Desktop/Claude Coding Projects/make.com-fastmcp-server/src/tools/notifications.ts": {"lines":{"total":187,"covered":0,"skipped":0,"pct":0},"functions":{"total":21,"covered":0,"skipped":0,"pct":0},"statements":{"total":188,"covered":0,"skipped":0,"pct":0},"branches":{"total":146,"covered":0,"skipped":0,"pct":0}}
,"/Users/jeremyparker/Desktop/Claude Coding Projects/make.com-fastmcp-server/src/tools/permissions.ts": {"lines":{"total":312,"covered":0,"skipped":0,"pct":0},"functions":{"total":16,"covered":0,"skipped":0,"pct":0},"statements":{"total":312,"covered":0,"skipped":0,"pct":0},"branches":{"total":202,"covered":0,"skipped":0,"pct":0}}
,"/Users/jeremyparker/Desktop/Claude Coding Projects/make.com-fastmcp-server/src/tools/scenarios.ts": {"lines":{"total":203,"covered":15,"skipped":0,"pct":7.38},"functions":{"total":10,"covered":2,"skipped":0,"pct":20},"statements":{"total":204,"covered":15,"skipped":0,"pct":7.35},"branches":{"total":100,"covered":6,"skipped":0,"pct":6}}
}
