TN:
SF:src/lib/make-api-client.ts
FN:6,__importDefault
FN:16,<instance_members_initializer>
FN:19,MakeApiClient
FN:22,getComponentLogger
FN:61,createSecure
FN:92,refreshCredentials
FN:117,setupInterceptors
FN:160,handleAxiosError
FN:192,executeWithRetry
FN:234,success
FN:248,get
FN:250,post
FN:255,put
FN:258,patch
FN:263,delete
FN:270,healthCheck
FN:282,getRateLimiterStatus
FN:294,shutdown
FNF:18
FNH:10
FNDA:3,__importDefault
FNDA:5,<instance_members_initializer>
FNDA:5,MakeApiClient
FNDA:5,getComponentLogger
FNDA:0,createSecure
FNDA:0,refreshCredentials
FNDA:5,setupInterceptors
FNDA:0,handleAxiosError
FNDA:1,executeWithRetry
FNDA:0,success
FNDA:1,get
FNDA:0,post
FNDA:0,put
FNDA:0,patch
FNDA:0,delete
FNDA:1,healthCheck
FNDA:1,getRateLimiterStatus
FNDA:1,shutdown
DA:1,1
DA:2,1
DA:3,1
DA:4,1
DA:5,1
DA:6,1
DA:7,3
DA:8,1
DA:9,1
DA:10,1
DA:11,1
DA:12,1
DA:13,1
DA:14,1
DA:15,1
DA:16,1
DA:17,5
DA:18,5
DA:19,5
DA:20,5
DA:21,5
DA:22,5
DA:23,5
DA:24,5
DA:25,5
DA:26,5
DA:27,0
DA:28,0
DA:29,0
DA:30,0
DA:31,0
DA:32,0
DA:33,5
DA:34,5
DA:35,5
DA:36,5
DA:37,5
DA:38,5
DA:39,5
DA:40,5
DA:41,5
DA:42,5
DA:43,5
DA:44,5
DA:45,5
DA:46,5
DA:47,5
DA:48,5
DA:49,5
DA:50,5
DA:51,5
DA:52,5
DA:53,5
DA:54,5
DA:55,5
DA:56,5
DA:57,5
DA:58,5
DA:59,5
DA:60,5
DA:61,5
DA:62,0
DA:63,0
DA:64,0
DA:65,0
DA:66,0
DA:67,0
DA:68,0
DA:69,0
DA:70,0
DA:71,0
DA:72,0
DA:73,0
DA:74,0
DA:75,0
DA:76,0
DA:77,0
DA:78,0
DA:79,0
DA:80,0
DA:81,0
DA:82,0
DA:83,0
DA:84,0
DA:85,0
DA:86,0
DA:87,0
DA:88,0
DA:89,0
DA:90,5
DA:91,5
DA:92,5
DA:93,0
DA:94,0
DA:95,0
DA:96,0
DA:97,0
DA:98,0
DA:99,0
DA:100,0
DA:101,0
DA:102,0
DA:103,0
DA:104,0
DA:105,0
DA:106,0
DA:107,0
DA:108,0
DA:109,0
DA:110,0
DA:111,0
DA:112,0
DA:113,0
DA:114,0
DA:115,0
DA:116,0
DA:117,5
DA:118,5
DA:119,5
DA:120,5
DA:121,5
DA:122,5
DA:123,0
DA:124,0
DA:125,0
DA:126,0
DA:127,0
DA:128,0
DA:129,5
DA:130,0
DA:131,0
DA:132,0
DA:133,5
DA:134,5
DA:135,5
DA:136,5
DA:137,5
DA:138,0
DA:139,0
DA:140,0
DA:141,0
DA:142,0
DA:143,0
DA:144,0
DA:145,0
DA:146,0
DA:147,5
DA:148,0
DA:149,0
DA:150,0
DA:151,0
DA:152,0
DA:153,0
DA:154,0
DA:155,0
DA:156,0
DA:157,0
DA:158,0
DA:159,0
DA:160,5
DA:161,0
DA:162,0
DA:163,0
DA:164,0
DA:165,0
DA:166,0
DA:167,0
DA:168,0
DA:169,0
DA:170,0
DA:171,0
DA:172,0
DA:173,0
DA:174,0
DA:175,0
DA:176,0
DA:177,0
DA:178,0
DA:179,0
DA:180,0
DA:181,0
DA:182,0
DA:183,0
DA:184,0
DA:185,0
DA:186,0
DA:187,0
DA:188,0
DA:189,0
DA:190,0
DA:191,0
DA:192,5
DA:193,1
DA:194,1
DA:195,1
DA:196,1
DA:197,1
DA:198,1
DA:199,1
DA:200,1
DA:201,1
DA:202,1
DA:203,1
DA:204,1
DA:205,1
DA:206,1
DA:207,0
DA:208,1
DA:209,1
DA:210,1
DA:211,1
DA:212,1
DA:213,1
DA:214,1
DA:215,1
DA:216,1
DA:217,1
DA:218,1
DA:219,1
DA:220,1
DA:221,1
DA:222,1
DA:223,1
DA:224,1
DA:225,0
DA:226,0
DA:227,0
DA:228,0
DA:229,0
DA:230,0
DA:231,0
DA:232,0
DA:233,0
DA:234,0
DA:235,1
DA:236,1
DA:237,1
DA:238,1
DA:239,1
DA:240,1
DA:241,1
DA:242,1
DA:243,1
DA:244,1
DA:245,1
DA:246,1
DA:247,1
DA:248,5
DA:249,0
DA:250,5
DA:251,0
DA:252,0
DA:253,0
DA:254,0
DA:255,5
DA:256,0
DA:257,0
DA:258,5
DA:259,0
DA:260,0
DA:261,0
DA:262,0
DA:263,5
DA:264,0
DA:265,0
DA:266,0
DA:267,0
DA:268,0
DA:269,0
DA:270,5
DA:271,1
DA:272,1
DA:273,1
DA:274,1
DA:275,1
DA:276,0
DA:277,0
DA:278,0
DA:279,0
DA:280,1
DA:281,5
DA:282,5
DA:283,1
DA:284,1
DA:285,1
DA:286,1
DA:287,1
DA:288,1
DA:289,1
DA:290,1
DA:291,1
DA:292,1
DA:293,5
DA:294,5
DA:295,1
DA:296,1
DA:297,1
DA:298,1
DA:299,5
DA:300,1
LF:300
LH:149
BRDA:1,0,0,1
BRDA:6,1,0,3
BRDA:8,2,0,1
BRDA:8,3,0,2
BRDA:16,4,0,5
BRDA:19,5,0,5
BRDA:38,6,0,0
BRDA:22,7,0,5
BRDA:26,8,0,0
BRDA:117,9,0,5
BRDA:192,10,0,1
BRDA:194,11,0,0
BRDA:206,12,0,0
BRDA:208,13,0,0
BRDA:211,14,0,0
BRDA:212,15,0,0
BRDA:213,16,0,0
BRDA:214,17,0,0
BRDA:219,18,0,0
BRDA:224,19,0,0
BRDA:241,20,0,0
BRDA:242,21,0,0
BRDA:248,22,0,1
BRDA:270,23,0,1
BRDA:275,24,0,0
BRDA:282,25,0,1
BRDA:288,26,0,0
BRDA:290,27,0,0
BRDA:294,28,0,1
BRF:29
BRH:13
end_of_record
